Added Component: Designator=C2(SMT-EC-D6.3)
Added Component: Designator=C3(C0603)
Added Component: Designator=C4(C0805)
Added Component: Designator=C5(C0603)
Added Component: Designator=C6(C0805)
Added Component: Designator=C7(C0603)
Added Component: Designator=C8(SMT-EC-D6.3)
Added Component: Designator=C35(C0603)
Added Component: Designator=D1(DO-214)
Added Component: Designator=D2(D0603)
Added Component: Designator=D3(D0603)
Added Component: Designator=D4(DO-214)
Added Component: Designator=D5(DO-214)
Added Component: Designator=F3(RESC4532AN)
Added Component: Designator=L1(L4532)
Added Component: Designator=NodeMcu(NodeMcu)
Added Component: Designator=P1(CON_PH2.0_2P)
Added Component: Designator=P2(HDR1X15)
Added Component: Designator=P3(HDR1X15)
Added Component: Designator=Q1(SOT-23-3)
Added Component: Designator=Q3(SOT-23-3)
Added Component: Designator=R1(R0603)
Added Component: Designator=R2(R0805)
Added Component: Designator=R4(R0603)
Added Component: Designator=R5(R0603)
Added Component: Designator=R7(R0603)
Added Component: Designator=R9(R0603)
Added Component: Designator=S1(SW-SS-12D06)
Added Component: Designator=TFT-SPI-240X320(TFT-SPI-240X320)
Added Component: Designator=U1(SOT-23-6)
Added Pin To Net: NetName=3V3 Pin=NodeMcu-16
Added Pin To Net: NetName=3V3 Pin=NodeMcu-25
Added Pin To Net: NetName=3V3 Pin=P2-6
Added Pin To Net: NetName=3V3 Pin=P2-15
Added Net: Name=3V3
Added Pin To Net: NetName=5V Pin=C2-1
Added Pin To Net: NetName=5V Pin=C3-1
Added Pin To Net: NetName=5V Pin=D1-2
Added Pin To Net: NetName=5V Pin=NodeMcu-1
Added Pin To Net: NetName=5V Pin=P3-1
Added Pin To Net: NetName=5V Pin=R2-2
Added Pin To Net: NetName=5V Pin=R4-2
Added Pin To Net: NetName=5V Pin=TFT-SPI-240X320-14
Added Net: Name=5V
Added Pin To Net: NetName=BAT Pin=C6-1
Added Pin To Net: NetName=BAT Pin=C7-1
Added Pin To Net: NetName=BAT Pin=Q1-2
Added Pin To Net: NetName=BAT Pin=Q3-3
Added Net: Name=BAT
Added Pin To Net: NetName=CLK Pin=TFT-SPI-240X320-5
Added Pin To Net: NetName=CLK Pin=TFT-SPI-240X320-18
Added Net: Name=CLK
Added Pin To Net: NetName=DC Pin=NodeMcu-26
Added Pin To Net: NetName=DC Pin=P2-5
Added Pin To Net: NetName=DC Pin=TFT-SPI-240X320-10
Added Net: Name=DC
Added Pin To Net: NetName=FB Pin=R4-1
Added Pin To Net: NetName=FB Pin=R7-2
Added Pin To Net: NetName=FB Pin=U1-3
Added Net: Name=FB
Added Pin To Net: NetName=GND Pin=C2-2
Added Pin To Net: NetName=GND Pin=C3-2
Added Pin To Net: NetName=GND Pin=C4-2
Added Pin To Net: NetName=GND Pin=C5-2
Added Pin To Net: NetName=GND Pin=C6-2
Added Pin To Net: NetName=GND Pin=C7-2
Added Pin To Net: NetName=GND Pin=C8-2
Added Pin To Net: NetName=GND Pin=C35-2
Added Pin To Net: NetName=GND Pin=NodeMcu-2
Added Pin To Net: NetName=GND Pin=NodeMcu-17
Added Pin To Net: NetName=GND Pin=NodeMcu-24
Added Pin To Net: NetName=GND Pin=P1-1
Added Pin To Net: NetName=GND Pin=P2-7
Added Pin To Net: NetName=GND Pin=P2-14
Added Pin To Net: NetName=GND Pin=P3-2
Added Pin To Net: NetName=GND Pin=Q1-1
Added Pin To Net: NetName=GND Pin=R5-1
Added Pin To Net: NetName=GND Pin=R7-1
Added Pin To Net: NetName=GND Pin=R9-1
Added Pin To Net: NetName=GND Pin=TFT-SPI-240X320-13
Added Pin To Net: NetName=GND Pin=U1-2
Added Net: Name=GND
Added Pin To Net: NetName=HCLK Pin=NodeMcu-23
Added Pin To Net: NetName=HCLK Pin=P2-8
Added Pin To Net: NetName=HCLK Pin=TFT-SPI-240X320-8
Added Net: Name=HCLK
Added Pin To Net: NetName=HCS Pin=NodeMcu-20
Added Pin To Net: NetName=HCS Pin=P2-11
Added Pin To Net: NetName=HCS Pin=TFT-SPI-240X320-12
Added Net: Name=HCS
Added Pin To Net: NetName=HMISO Pin=NodeMcu-22
Added Pin To Net: NetName=HMISO Pin=P2-9
Added Pin To Net: NetName=HMISO Pin=TFT-SPI-240X320-2
Added Pin To Net: NetName=HMISO Pin=TFT-SPI-240X320-6
Added Net: Name=HMISO
Added Pin To Net: NetName=HMOSI Pin=NodeMcu-21
Added Pin To Net: NetName=HMOSI Pin=P2-10
Added Pin To Net: NetName=HMOSI Pin=TFT-SPI-240X320-3
Added Pin To Net: NetName=HMOSI Pin=TFT-SPI-240X320-9
Added Net: Name=HMOSI
Added Pin To Net: NetName=LED Pin=NodeMcu-27
Added Pin To Net: NetName=LED Pin=NodeMcu-30
Added Pin To Net: NetName=LED Pin=P2-1
Added Pin To Net: NetName=LED Pin=P2-4
Added Pin To Net: NetName=LED Pin=TFT-SPI-240X320-7
Added Net: Name=LED
Added Pin To Net: NetName=MISO Pin=TFT-SPI-240X320-17
Added Net: Name=MISO
Added Pin To Net: NetName=MOSI Pin=TFT-SPI-240X320-16
Added Net: Name=MOSI
Added Pin To Net: NetName=NetC4_1 Pin=C4-1
Added Pin To Net: NetName=NetC4_1 Pin=C5-1
Added Pin To Net: NetName=NetC4_1 Pin=R1-2
Added Pin To Net: NetName=NetC4_1 Pin=R2-1
Added Net: Name=NetC4_1
Added Pin To Net: NetName=NetC8_1 Pin=C8-1
Added Pin To Net: NetName=NetC8_1 Pin=C35-1
Added Pin To Net: NetName=NetC8_1 Pin=D4-2
Added Pin To Net: NetName=NetC8_1 Pin=L1-1
Added Pin To Net: NetName=NetC8_1 Pin=U1-4
Added Pin To Net: NetName=NetC8_1 Pin=U1-5
Added Net: Name=NetC8_1
Added Pin To Net: NetName=NetD1_1 Pin=D1-1
Added Pin To Net: NetName=NetD1_1 Pin=L1-2
Added Pin To Net: NetName=NetD1_1 Pin=U1-1
Added Net: Name=NetD1_1
Added Pin To Net: NetName=NetD2_1 Pin=D2-1
Added Pin To Net: NetName=NetD2_1 Pin=D3-1
Added Pin To Net: NetName=NetD2_1 Pin=R1-1
Added Net: Name=NetD2_1
Added Pin To Net: NetName=NetD2_2 Pin=D2-2
Added Net: Name=NetD2_2
Added Pin To Net: NetName=NetD3_2 Pin=D3-2
Added Net: Name=NetD3_2
Added Pin To Net: NetName=NetD4_1 Pin=D4-1
Added Pin To Net: NetName=NetD4_1 Pin=F3-2
Added Net: Name=NetD4_1
Added Pin To Net: NetName=NetD5_2 Pin=D5-2
Added Pin To Net: NetName=NetD5_2 Pin=Q3-2
Added Pin To Net: NetName=NetD5_2 Pin=S1-2
Added Net: Name=NetD5_2
Added Pin To Net: NetName=NetF3_1 Pin=F3-1
Added Pin To Net: NetName=NetF3_1 Pin=S1-1
Added Net: Name=NetF3_1
Added Pin To Net: NetName=NetNodeMcu_3 Pin=NodeMcu-3
Added Pin To Net: NetName=NetNodeMcu_3 Pin=P3-3
Added Net: Name=NetNodeMcu_3
Added Pin To Net: NetName=NetNodeMcu_4 Pin=NodeMcu-4
Added Pin To Net: NetName=NetNodeMcu_4 Pin=P3-4
Added Net: Name=NetNodeMcu_4
Added Pin To Net: NetName=NetNodeMcu_5 Pin=NodeMcu-5
Added Pin To Net: NetName=NetNodeMcu_5 Pin=P3-5
Added Net: Name=NetNodeMcu_5
Added Pin To Net: NetName=NetNodeMcu_6 Pin=NodeMcu-6
Added Pin To Net: NetName=NetNodeMcu_6 Pin=P3-6
Added Net: Name=NetNodeMcu_6
Added Pin To Net: NetName=NetNodeMcu_7 Pin=NodeMcu-7
Added Pin To Net: NetName=NetNodeMcu_7 Pin=P3-7
Added Net: Name=NetNodeMcu_7
Added Pin To Net: NetName=NetNodeMcu_8 Pin=NodeMcu-8
Added Pin To Net: NetName=NetNodeMcu_8 Pin=P3-8
Added Net: Name=NetNodeMcu_8
Added Pin To Net: NetName=NetNodeMcu_9 Pin=NodeMcu-9
Added Pin To Net: NetName=NetNodeMcu_9 Pin=P3-9
Added Net: Name=NetNodeMcu_9
Added Pin To Net: NetName=NetNodeMcu_10 Pin=NodeMcu-10
Added Pin To Net: NetName=NetNodeMcu_10 Pin=P3-10
Added Net: Name=NetNodeMcu_10
Added Pin To Net: NetName=NetNodeMcu_11 Pin=NodeMcu-11
Added Pin To Net: NetName=NetNodeMcu_11 Pin=P3-11
Added Net: Name=NetNodeMcu_11
Added Pin To Net: NetName=NetNodeMcu_13 Pin=NodeMcu-13
Added Pin To Net: NetName=NetNodeMcu_13 Pin=P3-13
Added Net: Name=NetNodeMcu_13
Added Pin To Net: NetName=NetNodeMcu_14 Pin=NodeMcu-14
Added Pin To Net: NetName=NetNodeMcu_14 Pin=P3-14
Added Net: Name=NetNodeMcu_14
Added Pin To Net: NetName=NetNodeMcu_15 Pin=NodeMcu-15
Added Pin To Net: NetName=NetNodeMcu_15 Pin=P3-15
Added Net: Name=NetNodeMcu_15
Added Pin To Net: NetName=NetNodeMcu_18 Pin=NodeMcu-18
Added Pin To Net: NetName=NetNodeMcu_18 Pin=P2-13
Added Net: Name=NetNodeMcu_18
Added Pin To Net: NetName=NetNodeMcu_19 Pin=NodeMcu-19
Added Pin To Net: NetName=NetNodeMcu_19 Pin=P2-12
Added Net: Name=NetNodeMcu_19
Added Pin To Net: NetName=NetP1_2 Pin=P1-2
Added Pin To Net: NetName=NetP1_2 Pin=Q1-3
Added Net: Name=NetP1_2
Added Pin To Net: NetName=NetR5_2 Pin=R5-2
Added Net: Name=NetR5_2
Added Pin To Net: NetName=RESET Pin=TFT-SPI-240X320-11
Added Net: Name=RESET
Added Pin To Net: NetName=SD-CS Pin=NodeMcu-29
Added Pin To Net: NetName=SD-CS Pin=P2-2
Added Pin To Net: NetName=SD-CS Pin=TFT-SPI-240X320-15
Added Net: Name=SD-CS
Added Pin To Net: NetName=T-CS Pin=NodeMcu-28
Added Pin To Net: NetName=T-CS Pin=P2-3
Added Pin To Net: NetName=T-CS Pin=TFT-SPI-240X320-4
Added Net: Name=T-CS
Added Pin To Net: NetName=T-IRQ Pin=NodeMcu-12
Added Pin To Net: NetName=T-IRQ Pin=P3-12
Added Pin To Net: NetName=T-IRQ Pin=TFT-SPI-240X320-1
Added Net: Name=T-IRQ
Added Pin To Net: NetName=VIN Pin=D5-1
Added Pin To Net: NetName=VIN Pin=Q3-1
Added Pin To Net: NetName=VIN Pin=R9-2
Added Net: Name=VIN
Added Class: Name=Sheet1
Added Room: Name=Sheet1
