Removed Pin From Net: NetName=T-IRQ Pin=TFT-SPI-240X321-1
Removed Pin From Net: NetName=HMISO Pin=TFT-SPI-240X321-2
Removed Pin From Net: NetName=HMOSI Pin=TFT-SPI-240X321-3
Removed Pin From Net: NetName=T-CS Pin=TFT-SPI-240X321-4
Removed Pin From Net: NetName=CLK Pin=TFT-SPI-240X321-5
Removed Pin From Net: NetName=HMISO Pin=TFT-SPI-240X321-6
Removed Pin From Net: NetName=LED Pin=TFT-SPI-240X321-7
Removed Pin From Net: NetName=HCLK Pin=TFT-SPI-240X321-8
Removed Pin From Net: NetName=HMOSI Pin=TFT-SPI-240X321-9
Removed Pin From Net: NetName=DC Pin=TFT-SPI-240X321-10
Removed Pin From Net: NetName=RESET Pin=TFT-SPI-240X321-11
Removed Pin From Net: NetName=HCS Pin=TFT-SPI-240X321-12
Removed Pin From Net: NetName=GND Pin=TFT-SPI-240X321-13
Removed Pin From Net: NetName=5V Pin=TFT-SPI-240X321-14
Removed Pin From Net: NetName=SD-CS Pin=TFT-SPI-240X321-15
Removed Pin From Net: NetName=MOSI Pin=TFT-SPI-240X321-16
Removed Pin From Net: NetName=MISO Pin=TFT-SPI-240X321-17
Removed Pin From Net: NetName=CLK Pin=TFT-SPI-240X321-18
Removed Member From Class: ClassName=Sheet1 Member=TFT-SPI-240X321
Added Component: Designator=TFT-SPI-240X322(TFT-SPI-240X320)
Added Pin To Net: NetName=T-IRQ Pin=TFT-SPI-240X322-1
Added Pin To Net: NetName=HMISO Pin=TFT-SPI-240X322-2
Added Pin To Net: NetName=HMOSI Pin=TFT-SPI-240X322-3
Added Pin To Net: NetName=T-CS Pin=TFT-SPI-240X322-4
Added Pin To Net: NetName=CLK Pin=TFT-SPI-240X322-5
Added Pin To Net: NetName=HMISO Pin=TFT-SPI-240X322-6
Added Pin To Net: NetName=LED Pin=TFT-SPI-240X322-7
Added Pin To Net: NetName=HCLK Pin=TFT-SPI-240X322-8
Added Pin To Net: NetName=HMOSI Pin=TFT-SPI-240X322-9
Added Pin To Net: NetName=DC Pin=TFT-SPI-240X322-10
Added Pin To Net: NetName=RESET Pin=TFT-SPI-240X322-11
Added Pin To Net: NetName=HCS Pin=TFT-SPI-240X322-12
Added Pin To Net: NetName=GND Pin=TFT-SPI-240X322-13
Added Pin To Net: NetName=5V Pin=TFT-SPI-240X322-14
Added Pin To Net: NetName=SD-CS Pin=TFT-SPI-240X322-15
Added Pin To Net: NetName=MOSI Pin=TFT-SPI-240X322-16
Added Pin To Net: NetName=MISO Pin=TFT-SPI-240X322-17
Added Pin To Net: NetName=CLK Pin=TFT-SPI-240X322-18
Added Member To Class: ClassName=Sheet1 Member=Component P2 Header 15
Added Member To Class: ClassName=Sheet1 Member=Component TFT-SPI-240X322 TFT_SPI-240X320
Added Room: Name=Sheet1
