Removed Pin From Net: NetName=NetC1_1 Pin=C1-1
Removed Pin From Net: NetName=NetC1_2 Pin=C1-2
Removed Pin From Net: NetName=NetC2_1 Pin=C2-1
Removed Pin From Net: NetName=GND Pin=C3-1
Removed Pin From Net: NetName=NetC2_1 Pin=C3-2
Removed Pin From Net: NetName=5V Pin=C4-1
Removed Pin From Net: NetName=5V Pin=C5-1
Removed Pin From Net: NetName=5V Pin=C6-1
Removed Pin From Net: NetName=NetC7_1 Pin=C7-1
Removed Pin From Net: NetName=NetC7_2 Pin=C7-2
Removed Pin From Net: NetName=NetC7_1 Pin=C8-1
Removed Pin From Net: NetName=NetC10_1 Pin=C10-1
Removed Pin From Net: NetName=GND Pin=C10-2
Removed Pin From Net: NetName=NetD1_2 Pin=D1-2
Removed Pin From Net: NetName=GND Pin=D2-1
Removed Pin From Net: NetName=5V Pin=D2-2
Removed Pin From Net: NetName=GND Pin=D4-1
Removed Pin From Net: NetName=NetC1_2 Pin=D4-2
Removed Pin From Net: NetName=NetD1_2 Pin=F1-1
Removed Pin From Net: NetName=NetC2_1 Pin=F1-2
Removed Pin From Net: NetName=NetJP1_1 Pin=JP1-1
Removed Pin From Net: NetName=GND Pin=JP1-3
Removed Pin From Net: NetName=NetC1_2 Pin=L1-1
Removed Pin From Net: NetName=5V Pin=L1-2
Removed Pin From Net: NetName=NetC7_2 Pin=R3-1
Removed Pin From Net: NetName=GND Pin=R3-2
Removed Pin From Net: NetName=NetR5_1 Pin=R5-1
Removed Pin From Net: NetName=GND Pin=R5-2
Removed Pin From Net: NetName=5V Pin=R6-1
Removed Pin From Net: NetName=NetR5_1 Pin=R6-2
Removed Pin From Net: NetName=NetD1_1 Pin=S1-1
Removed Pin From Net: NetName=NetC1_1 Pin=U1-1
Removed Pin From Net: NetName=NetC2_1 Pin=U1-2
Removed Pin From Net: NetName=NetC10_1 Pin=U1-4
Removed Pin From Net: NetName=NetR5_1 Pin=U1-5
Removed Pin From Net: NetName=NetC7_1 Pin=U1-6
Removed Pin From Net: NetName=GND Pin=U1-7
Removed Pin From Net: NetName=NetC1_2 Pin=U1-8
Removed Member From Class: ClassName=Sheet1 Member=C1
Removed Member From Class: ClassName=Sheet1 Member=C10
Removed Member From Class: ClassName=Sheet1 Member=F1
Removed Member From Class: ClassName=Sheet1 Member=JP1
Removed Member From Class: ClassName=Sheet1 Member=R3
Removed Member From Class: ClassName=Sheet1 Member=R6
Change Component DesignItemId : Designator=C4 Old DesignItemId=Cap New DesignItemId=Cap Pol1
Change Component DesignItemId : Designator=C6 Old DesignItemId=Cap New DesignItemId=Cap Pol1
Change Component DesignItemId : Designator=C8 Old DesignItemId=Cap New DesignItemId=Cap Pol1
Change Component DesignItemId : Designator=D2 Old DesignItemId=D Zener New DesignItemId=LED3
Change Component DesignItemId : Designator=U1 Old DesignItemId=TPS54331 New DesignItemId=MP1540DJ
Change Component Footprint: Designator=C6 Old Footprint=C0603 New Footprint=C0805
Change Component Footprint: Designator=C8 Old Footprint=C0603 New Footprint=SMT-EC-D6.3
Change Component Footprint: Designator=C5 Old Footprint=C1206 New Footprint=C0603
Change Component Footprint: Designator=C4 Old Footprint=C1206 New Footprint=C0805
Change Component Footprint: Designator=U1 Old Footprint=D008_N New Footprint=SOT-23-6
Change Component Footprint: Designator=D2 Old Footprint=DO-214 New Footprint=D0603
Change Component Footprint: Designator=L1 Old Footprint=L10X9 New Footprint=L4532
Change Component Footprint: Designator=C2 Old Footprint=SMT-EC-D10 New Footprint=SMT-EC-D6.3
Change Component Comment : Designator=C6 Old Comment=0.1uF New Comment=10uF/10V
Change Component Comment : Designator=R5 Old Comment=1.91k New Comment=1.2K
Change Component Comment : Designator=L1 Old Comment=6.8uH New Comment=4.7uH
Change Component Comment : Designator=C5 Old Comment=47uF New Comment=0.1uF
Change Component Comment : Designator=C4 Old Comment=47uF New Comment=10uF/10V
Change Component Comment : Designator=C8 Old Comment=68pF New Comment=220uF/16V
Change Component Comment : Designator=C7 Old Comment=120pF New Comment=0.1uF
Change Component Comment : Designator=C2 Old Comment=1000uF/16V New Comment=220uF/16V
Change Component Comment : Designator=D2 Old Comment=SMAJ5.0A New Comment=green
Change Component Comment : Designator=D4 Old Comment=SS34 New Comment=0R
Change Component Comment : Designator=U1 Old Comment=TPS54331 New Comment=TP3605
Change Component Description : Designator=C3 Old Description=Capacitor 100nF (104) ¡À10% 25V 0603 New Description=Capacitor 0603 10% 50V
Change Component Description : Designator=C7 Old Description=Capacitor New Description=Capacitor 0603 10% 50V
Change Component Description : Designator=D4 Old Description=Diode  SS34 DO214-AC New Description=0R 1% 1206
Change Component Description : Designator=D1 Old Description=Diode SS34 DO214-AC New Description=Diode DO214-AC
Change Component Description : Designator=R5 Old Description=Resistor New Description=Resistor,  1% 0603 (1608)
Added Component: Designator=C35(C0603)
Added Component: Designator=D3(D0603)
Added Component: Designator=D5(DO-214)
Added Component: Designator=F3(RESC4532AN)
Added Component: Designator=P1(CON_PH2.0_2P)
Added Component: Designator=Q1(SOT-23-3)
Added Component: Designator=Q3(SOT-23-3)
Added Component: Designator=R1(R0603)
Added Component: Designator=R2(R0805)
Added Component: Designator=R4(R0603)
Added Component: Designator=R7(R0603)
Added Component: Designator=R9(R0603)
Added Pin To Net: NetName=5V Pin=C2-1
Added Pin To Net: NetName=5V Pin=C3-1
Added Pin To Net: NetName=GND Pin=C3-2
Added Pin To Net: NetName=NetC1_2 Pin=C4-1
Added Pin To Net: NetName=NetC1_2 Pin=C5-1
Added Pin To Net: NetName=GND Pin=C7-2
Added Pin To Net: NetName=NetC2_1 Pin=C8-1
Added Pin To Net: NetName=NetC2_1 Pin=C35-1
Added Pin To Net: NetName=GND Pin=C35-2
Added Pin To Net: NetName=5V Pin=D1-2
Added Pin To Net: NetName=NetC7_1 Pin=D2-1
Added Pin To Net: NetName=NetC7_2 Pin=D2-2
Added Pin To Net: NetName=NetC7_1 Pin=D3-1
Added Pin To Net: NetName=NetC10_1 Pin=D3-2
Added Pin To Net: NetName=NetD1_2 Pin=D4-1
Added Pin To Net: NetName=NetC2_1 Pin=D4-2
Added Pin To Net: NetName=NetC1_1 Pin=D5-1
Added Pin To Net: NetName=NetJP1_1 Pin=D5-2
Added Pin To Net: NetName=NetR5_1 Pin=F3-1
Added Pin To Net: NetName=NetD1_2 Pin=F3-2
Added Pin To Net: NetName=NetC2_1 Pin=L1-1
Added Pin To Net: NetName=NetD1_1 Pin=L1-2
Added Pin To Net: NetName=GND Pin=P1-1
Added Pin To Net: NetName=GND Pin=Q1-1
Added Pin To Net: NetName=NetC1_1 Pin=Q3-1
Added Pin To Net: NetName=NetJP1_1 Pin=Q3-2
Added Pin To Net: NetName=NetC7_1 Pin=R1-1
Added Pin To Net: NetName=NetC1_2 Pin=R1-2
Added Pin To Net: NetName=NetC1_2 Pin=R2-1
Added Pin To Net: NetName=5V Pin=R2-2
Added Pin To Net: NetName=5V Pin=R4-2
Added Pin To Net: NetName=GND Pin=R5-1
Added Pin To Net: NetName=GND Pin=R7-1
Added Pin To Net: NetName=GND Pin=R9-1
Added Pin To Net: NetName=NetC1_1 Pin=R9-2
Added Pin To Net: NetName=NetR5_1 Pin=S1-1
Added Pin To Net: NetName=NetD1_1 Pin=U1-1
Added Pin To Net: NetName=GND Pin=U1-2
Added Pin To Net: NetName=NetC2_1 Pin=U1-4
Added Pin To Net: NetName=NetC2_1 Pin=U1-5
Change Net Name : Old Net Name=NetC1_1 New Net Name=VIN
Change Net Name : Old Net Name=NetC1_2 New Net Name=NetC4_1
Change Net Name : Old Net Name=NetC2_1 New Net Name=NetC8_1
Change Net Name : Old Net Name=NetC7_1 New Net Name=NetD2_1
Change Net Name : Old Net Name=NetC7_2 New Net Name=NetD2_2
Change Net Name : Old Net Name=NetC10_1 New Net Name=NetD3_2
Change Net Name : Old Net Name=NetD1_2 New Net Name=NetD4_1
Change Net Name : Old Net Name=NetJP1_1 New Net Name=NetD5_2
Change Net Name : Old Net Name=NetR5_1 New Net Name=NetF3_1
Added Pin To Net: NetName=BAT Pin=C6-1
Added Pin To Net: NetName=BAT Pin=C7-1
Added Pin To Net: NetName=BAT Pin=Q1-2
Added Pin To Net: NetName=BAT Pin=Q3-3
Added Net: Name=BAT
Added Pin To Net: NetName=FB Pin=R4-1
Added Pin To Net: NetName=FB Pin=R7-2
Added Pin To Net: NetName=FB Pin=U1-3
Added Net: Name=FB
Added Pin To Net: NetName=NetP1_2 Pin=P1-2
Added Pin To Net: NetName=NetP1_2 Pin=Q1-3
Added Net: Name=NetP1_2
Added Pin To Net: NetName=NetR5_2 Pin=R5-2
Added Net: Name=NetR5_2
Added Member To Class: ClassName=Sheet1 Member=Component C35 0.1uF
Added Member To Class: ClassName=Sheet1 Member=Component D3 red
Added Member To Class: ClassName=Sheet1 Member=Component D5 SS34
Added Member To Class: ClassName=Sheet1 Member=Component F3 1.5A
Added Member To Class: ClassName=Sheet1 Member=Component P1 PH2.0_2P
Added Member To Class: ClassName=Sheet1 Member=Component Q1 CJ2305
Added Member To Class: ClassName=Sheet1 Member=Component Q3 CJ2305
Added Member To Class: ClassName=Sheet1 Member=Component R1 2.2k
Added Member To Class: ClassName=Sheet1 Member=Component R2 0.4R
Added Member To Class: ClassName=Sheet1 Member=Component R4 220k
Added Member To Class: ClassName=Sheet1 Member=Component R7 30k
Added Member To Class: ClassName=Sheet1 Member=Component R9 100k
Added Room: Name=Sheet1
