Remove Pin=MC-L-1 From Net=5V
Remove Pin=MC-L-2 From Net=GND
Remove Pin=MC-L-3 From Net=RST
Remove Pin=MC-L-4 From Net=EN
Remove Pin=MC-L-5 From Net=3V3
Remove Pin=MC-L-6 From Net=GND
Remove Pin=MC-L-7 From Net=T-CLK
Remove Pin=MC-L-8 From Net=T-DO
Remove Pin=MC-L-9 From Net=T-CS
Remove Pin=MC-L-10 From Net=T-DIN
Remove Pin=MC-L-11 From Net=SD2
Remove Pin=MC-L-12 From Net=SD3
Remove Pin=MC-L-13 From Net=RSV
Remove Pin=MC-L-14 From Net=RSV
Remove Pin=MC-L-15 From Net=A0
Remove Pin=MC-R-1 From Net=3V3
Remove Pin=MC-R-2 From Net=GND
Remove Pin=MC-R-3 From Net=TX
Remove Pin=MC-R-4 From Net=RX
Remove Pin=MC-R-5 From Net=CS
Remove Pin=MC-R-6 From Net=SDI
Remove Pin=MC-R-7 From Net=SDO
Remove Pin=MC-R-8 From Net=SCK
Remove Pin=MC-R-9 From Net=GND
Remove Pin=MC-R-10 From Net=3V3
Remove Pin=MC-R-11 From Net=D4
Remove Pin=MC-R-12 From Net=D3
Remove Pin=MC-R-13 From Net=RESET
Remove Pin=MC-R-14 From Net=T-IRQ
Remove Pin=MC-R-15 From Net=LED
Remove Pin=P1-1 From Net=D3
Remove Pin=P1-2 From Net=T-DIN
Remove Pin=P1-3 From Net=T-DO
Remove Pin=P1-4 From Net=T-SCK
Remove Pin=P2-1 From Net=GND
Remove Pin=P2-2 From Net=V-M
Remove Pin=TFT-1 From Net=5V
Remove Pin=TFT-2 From Net=GND
Remove Pin=TFT-3 From Net=CS
Remove Pin=TFT-4 From Net=RESET
Remove Pin=TFT-5 From Net=DC
Remove Pin=TFT-6 From Net=SDI
Remove Pin=TFT-7 From Net=SCK
Remove Pin=TFT-8 From Net=LED
Remove Pin=TFT-9 From Net=SDO
Remove Pin=TFT-10 From Net=T-CLK
Remove Pin=TFT-11 From Net=T-CS
Remove Pin=TFT-12 From Net=T-DIN
Remove Pin=TFT-13 From Net=T-DO
Remove Pin=TFT-14 From Net=T-IRQ
